This is pdfTeX, Version 3.1415926-2.4-1.40.13 (TeX Live 2012/Debian) (format=pdflatex 2014.1.22)  4 APR 2014 10:36
entering extended mode
 restricted \write18 enabled.
 %&-line parsing enabled.
**g30_project_report.tex
(./g30_project_report.tex
LaTeX2e <2011/06/27>
Babel <v3.8m> and hyphenation patterns for english, dumylang, nohyphenation, lo
aded.
(/usr/share/texlive/texmf-dist/tex/latex/base/article.cls
Document Class: article 2007/10/19 v1.4h Standard LaTeX document class
(/usr/share/texlive/texmf-dist/tex/latex/base/size11.clo
File: size11.clo 2007/10/19 v1.4h Standard LaTeX file (size option)
)
\c@part=\count79
\c@section=\count80
\c@subsection=\count81
\c@subsubsection=\count82
\c@paragraph=\count83
\c@subparagraph=\count84
\c@figure=\count85
\c@table=\count86
\abovecaptionskip=\skip41
\belowcaptionskip=\skip42
\bibindent=\dimen102
)
(/usr/share/texlive/texmf-dist/tex/latex/graphics/graphicx.sty
Package: graphicx 1999/02/16 v1.0f Enhanced LaTeX Graphics (DPC,SPQR)

(/usr/share/texlive/texmf-dist/tex/latex/graphics/keyval.sty
Package: keyval 1999/03/16 v1.13 key=value parser (DPC)
\KV@toks@=\toks14
)
(/usr/share/texlive/texmf-dist/tex/latex/graphics/graphics.sty
Package: graphics 2009/02/05 v1.0o Standard LaTeX Graphics (DPC,SPQR)

(/usr/share/texlive/texmf-dist/tex/latex/graphics/trig.sty
Package: trig 1999/03/16 v1.09 sin cos tan (DPC)
)
(/usr/share/texlive/texmf-dist/tex/latex/latexconfig/graphics.cfg
File: graphics.cfg 2010/04/23 v1.9 graphics configuration of TeX Live
)
Package graphics Info: Driver file: pdftex.def on input line 91.

(/usr/share/texlive/texmf-dist/tex/latex/pdftex-def/pdftex.def
File: pdftex.def 2011/05/27 v0.06d Graphics/color for pdfTeX

(/usr/share/texlive/texmf-dist/tex/generic/oberdiek/infwarerr.sty
Package: infwarerr 2010/04/08 v1.3 Providing info/warning/error messages (HO)
)
(/usr/share/texlive/texmf-dist/tex/generic/oberdiek/ltxcmds.sty
Package: ltxcmds 2011/11/09 v1.22 LaTeX kernel commands for general use (HO)
)
\Gread@gobject=\count87
))
\Gin@req@height=\dimen103
\Gin@req@width=\dimen104
)
(/usr/share/texlive/texmf-dist/tex/latex/geometry/geometry.sty
Package: geometry 2010/09/12 v5.6 Page Geometry

(/usr/share/texlive/texmf-dist/tex/generic/oberdiek/ifpdf.sty
Package: ifpdf 2011/01/30 v2.3 Provides the ifpdf switch (HO)
Package ifpdf Info: pdfTeX in PDF mode is detected.
)
(/usr/share/texlive/texmf-dist/tex/generic/oberdiek/ifvtex.sty
Package: ifvtex 2010/03/01 v1.5 Detect VTeX and its facilities (HO)
Package ifvtex Info: VTeX not detected.
)
(/usr/share/texlive/texmf-dist/tex/generic/ifxetex/ifxetex.sty
Package: ifxetex 2010/09/12 v0.6 Provides ifxetex conditional
)
\Gm@cnth=\count88
\Gm@cntv=\count89
\c@Gm@tempcnt=\count90
\Gm@bindingoffset=\dimen105
\Gm@wd@mp=\dimen106
\Gm@odd@mp=\dimen107
\Gm@even@mp=\dimen108
\Gm@layoutwidth=\dimen109
\Gm@layoutheight=\dimen110
\Gm@layouthoffset=\dimen111
\Gm@layoutvoffset=\dimen112
\Gm@dimlist=\toks15
)
(/usr/share/texlive/texmf-dist/tex/latex/amsmath/amsmath.sty
Package: amsmath 2000/07/18 v2.13 AMS math features
\@mathmargin=\skip43

For additional information on amsmath, use the `?' option.
(/usr/share/texlive/texmf-dist/tex/latex/amsmath/amstext.sty
Package: amstext 2000/06/29 v2.01

(/usr/share/texlive/texmf-dist/tex/latex/amsmath/amsgen.sty
File: amsgen.sty 1999/11/30 v2.0
\@emptytoks=\toks16
\ex@=\dimen113
))
(/usr/share/texlive/texmf-dist/tex/latex/amsmath/amsbsy.sty
Package: amsbsy 1999/11/29 v1.2d
\pmbraise@=\dimen114
)
(/usr/share/texlive/texmf-dist/tex/latex/amsmath/amsopn.sty
Package: amsopn 1999/12/14 v2.01 operator names
)
\inf@bad=\count91
LaTeX Info: Redefining \frac on input line 211.
\uproot@=\count92
\leftroot@=\count93
LaTeX Info: Redefining \overline on input line 307.
\classnum@=\count94
\DOTSCASE@=\count95
LaTeX Info: Redefining \ldots on input line 379.
LaTeX Info: Redefining \dots on input line 382.
LaTeX Info: Redefining \cdots on input line 467.
\Mathstrutbox@=\box26
\strutbox@=\box27
\big@size=\dimen115
LaTeX Font Info:    Redeclaring font encoding OML on input line 567.
LaTeX Font Info:    Redeclaring font encoding OMS on input line 568.
\macc@depth=\count96
\c@MaxMatrixCols=\count97
\dotsspace@=\muskip10
\c@parentequation=\count98
\dspbrk@lvl=\count99
\tag@help=\toks17
\row@=\count100
\column@=\count101
\maxfields@=\count102
\andhelp@=\toks18
\eqnshift@=\dimen116
\alignsep@=\dimen117
\tagshift@=\dimen118
\tagwidth@=\dimen119
\totwidth@=\dimen120
\lineht@=\dimen121
\@envbody=\toks19
\multlinegap=\skip44
\multlinetaggap=\skip45
\mathdisplay@stack=\toks20
LaTeX Info: Redefining \[ on input line 2666.
LaTeX Info: Redefining \] on input line 2667.
)
(./g30_project_report.aux)
\openout1 = `g30_project_report.aux'.

LaTeX Font Info:    Checking defaults for OML/cmm/m/it on input line 5.
LaTeX Font Info:    ... okay on input line 5.
LaTeX Font Info:    Checking defaults for T1/cmr/m/n on input line 5.
LaTeX Font Info:    ... okay on input line 5.
LaTeX Font Info:    Checking defaults for OT1/cmr/m/n on input line 5.
LaTeX Font Info:    ... okay on input line 5.
LaTeX Font Info:    Checking defaults for OMS/cmsy/m/n on input line 5.
LaTeX Font Info:    ... okay on input line 5.
LaTeX Font Info:    Checking defaults for OMX/cmex/m/n on input line 5.
LaTeX Font Info:    ... okay on input line 5.
LaTeX Font Info:    Checking defaults for U/cmr/m/n on input line 5.
LaTeX Font Info:    ... okay on input line 5.

(/usr/share/texlive/texmf-dist/tex/context/base/supp-pdf.mkii
[Loading MPS to PDF converter (version 2006.09.02).]
\scratchcounter=\count103
\scratchdimen=\dimen122
\scratchbox=\box28
\nofMPsegments=\count104
\nofMParguments=\count105
\everyMPshowfont=\toks21
\MPscratchCnt=\count106
\MPscratchDim=\dimen123
\MPnumerator=\count107
\makeMPintoPDFobject=\count108
\everyMPtoPDFconversion=\toks22
) (/usr/share/texlive/texmf-dist/tex/generic/oberdiek/pdftexcmds.sty
Package: pdftexcmds 2011/11/29 v0.20 Utility functions of pdfTeX for LuaTeX (HO
)

(/usr/share/texlive/texmf-dist/tex/generic/oberdiek/ifluatex.sty
Package: ifluatex 2010/03/01 v1.3 Provides the ifluatex switch (HO)
Package ifluatex Info: LuaTeX not detected.
)
Package pdftexcmds Info: LuaTeX not detected.
Package pdftexcmds Info: \pdf@primitive is available.
Package pdftexcmds Info: \pdf@ifprimitive is available.
Package pdftexcmds Info: \pdfdraftmode found.
)
(/usr/share/texlive/texmf-dist/tex/latex/oberdiek/epstopdf-base.sty
Package: epstopdf-base 2010/02/09 v2.5 Base part for package epstopdf

(/usr/share/texlive/texmf-dist/tex/latex/oberdiek/grfext.sty
Package: grfext 2010/08/19 v1.1 Manage graphics extensions (HO)

(/usr/share/texlive/texmf-dist/tex/generic/oberdiek/kvdefinekeys.sty
Package: kvdefinekeys 2011/04/07 v1.3 Define keys (HO)
))
(/usr/share/texlive/texmf-dist/tex/latex/oberdiek/kvoptions.sty
Package: kvoptions 2011/06/30 v3.11 Key value format for package options (HO)

(/usr/share/texlive/texmf-dist/tex/generic/oberdiek/kvsetkeys.sty
Package: kvsetkeys 2012/04/25 v1.16 Key value parser (HO)

(/usr/share/texlive/texmf-dist/tex/generic/oberdiek/etexcmds.sty
Package: etexcmds 2011/02/16 v1.5 Avoid name clashes with e-TeX commands (HO)
Package etexcmds Info: Could not find \expanded.
(etexcmds)             That can mean that you are not using pdfTeX 1.50 or
(etexcmds)             that some package has redefined \expanded.
(etexcmds)             In the latter case, load this package earlier.
)))
Package grfext Info: Graphics extension search list:
(grfext)             [.png,.pdf,.jpg,.mps,.jpeg,.jbig2,.jb2,.PNG,.PDF,.JPG,.JPE
G,.JBIG2,.JB2,.eps]
(grfext)             \AppendGraphicsExtensions on input line 452.

(/usr/share/texlive/texmf-dist/tex/latex/latexconfig/epstopdf-sys.cfg
File: epstopdf-sys.cfg 2010/07/13 v1.3 Configuration of (r)epstopdf for TeX Liv
e
))
*geometry* driver: auto-detecting
*geometry* detected driver: pdftex
*geometry* verbose mode - [ preamble ] result:
* driver: pdftex
* paper: <default>
* layout: <same size as paper>
* layoutoffset:(h,v)=(0.0pt,0.0pt)
* modes: 
* h-part:(L,W,R)=(36.135pt, 542.02501pt, 36.135pt)
* v-part:(T,H,B)=(72.26999pt, 650.43001pt, 72.26999pt)
* \paperwidth=614.295pt
* \paperheight=794.96999pt
* \textwidth=542.02501pt
* \textheight=650.43001pt
* \oddsidemargin=-36.135pt
* \evensidemargin=-36.135pt
* \topmargin=-37.0pt
* \headheight=12.0pt
* \headsep=25.0pt
* \topskip=11.0pt
* \footskip=30.0pt
* \marginparwidth=59.0pt
* \marginparsep=10.0pt
* \columnsep=10.0pt
* \skip\footins=10.0pt plus 4.0pt minus 2.0pt
* \hoffset=0.0pt
* \voffset=0.0pt
* \mag=1000
* \@twocolumnfalse
* \@twosidefalse
* \@mparswitchfalse
* \@reversemarginfalse
* (1in=72.27pt=25.4mm, 1cm=28.453pt)

<BullDozerDesign.jpg, id=1, 727.71875pt x 425.59pt>
File: BullDozerDesign.jpg Graphic file (type jpg)
 <use BullDozerDesign.jpg>
Package pdftex.def Info: BullDozerDesign.jpg used on input line 30.
(pdftex.def)             Requested size: 243.25706pt x 142.26378pt.

<FinalDesign2.png, id=2, 389.20406pt x 204.01219pt>
File: FinalDesign2.png Graphic file (type png)
 <use FinalDesign2.png>
Package pdftex.def Info: FinalDesign2.png used on input line 33.
(pdftex.def)             Requested size: 271.41357pt x 142.26378pt.

[1

{/var/lib/texmf/fonts/map/pdftex/updmap/pdftex.map} <./BullDozerDesign.jpg>]
Underfull \hbox (badness 10000) in paragraph at lines 35--38

 []

<Left_Claw1.png, id=13, 87.32625pt x 67.0003pt>
File: Left_Claw1.png Graphic file (type png)
 <use Left_Claw1.png>
Package pdftex.def Info: Left_Claw1.png used on input line 38.
(pdftex.def)             Requested size: 111.25354pt x 85.35826pt.

<Right_Claw.png, id=14, 84.315pt x 63.23625pt>
File: Right_Claw.png Graphic file (type png)
 <use Right_Claw.png>
Package pdftex.def Info: Right_Claw.png used on input line 38.
(pdftex.def)             Requested size: 113.81387pt x 85.35826pt.
 [2 <./FinalDesign2.png> <./Left_Claw1.png> <./Right_Claw.png>]
<Boxes.png, id=18, 291.33844pt x 253.69781pt>
File: Boxes.png Graphic file (type png)
 <use Boxes.png>
Package pdftex.def Info: Boxes.png used on input line 46.
(pdftex.def)             Requested size: 163.37512pt x 142.26378pt.

Underfull \hbox (badness 10000) in paragraph at lines 50--52

 []


Underfull \hbox (badness 10000) in paragraph at lines 52--53

 []

<10_10_plot01.png, id=19, 642.4pt x 481.8pt>
File: 10_10_plot01.png Graphic file (type png)
 <use 10_10_plot01.png>
Package pdftex.def Info: 10_10_plot01.png used on input line 54.
(pdftex.def)             Requested size: 265.552pt x 199.16928pt.

<100_30_plot01.png, id=20, 642.4pt x 481.8pt>
File: 100_30_plot01.png Graphic file (type png)
 <use 100_30_plot01.png>
Package pdftex.def Info: 100_30_plot01.png used on input line 54.
(pdftex.def)             Requested size: 265.552pt x 199.16928pt.
 [3 <./Boxes.png>]
Underfull \hbox (badness 10000) in paragraph at lines 57--58

 []

<100_30_plot02.png, id=25, 642.4pt x 481.8pt>
File: 100_30_plot02.png Graphic file (type png)
 <use 100_30_plot02.png>
Package pdftex.def Info: 100_30_plot02.png used on input line 61.
(pdftex.def)             Requested size: 265.552pt x 199.16928pt.

Underfull \hbox (badness 10000) in paragraph at lines 65--67

 []

[4 <./10_10_plot01.png> <./100_30_plot01.png> <./100_30_plot02.png>]
<30_30_plot03.png, id=32, 642.4pt x 481.8pt>
File: 30_30_plot03.png Graphic file (type png)
 <use 30_30_plot03.png>
Package pdftex.def Info: 30_30_plot03.png used on input line 68.
(pdftex.def)             Requested size: 265.552pt x 199.16928pt.

<30_60_plot03.png, id=33, 642.4pt x 481.8pt>
File: 30_60_plot03.png Graphic file (type png)
 <use 30_60_plot03.png>
Package pdftex.def Info: 30_60_plot03.png used on input line 68.
(pdftex.def)             Requested size: 265.552pt x 199.16928pt.

<10_10_plot04.png, id=34, 642.4pt x 481.8pt>
File: 10_10_plot04.png Graphic file (type png)
 <use 10_10_plot04.png>
Package pdftex.def Info: 10_10_plot04.png used on input line 73.
(pdftex.def)             Requested size: 265.552pt x 199.16928pt.

<30_60_plot04.png, id=35, 642.4pt x 481.8pt>
File: 30_60_plot04.png Graphic file (type png)
 <use 30_60_plot04.png>
Package pdftex.def Info: 30_60_plot04.png used on input line 73.
(pdftex.def)             Requested size: 265.552pt x 199.16928pt.
 [5 <./30_30_plot03.png> <./30_60_plot03.png> <./10_10_plot04.png> <./30_60_plo
t04.png>]
<10_10_plot05.png, id=43, 642.4pt x 481.8pt>
File: 10_10_plot05.png Graphic file (type png)
 <use 10_10_plot05.png>
Package pdftex.def Info: 10_10_plot05.png used on input line 83.
(pdftex.def)             Requested size: 265.552pt x 199.16928pt.

<30_60_plot05.png, id=44, 642.4pt x 481.8pt>
File: 30_60_plot05.png Graphic file (type png)
 <use 30_60_plot05.png>
Package pdftex.def Info: 30_60_plot05.png used on input line 83.
(pdftex.def)             Requested size: 265.552pt x 199.16928pt.
 [6 <./10_10_plot05.png> <./30_60_plot05.png>]
Overfull \hbox (21.34639pt too wide) in paragraph at lines 97--97
[]  \OT1/cmtt/m/n/10.95 9.81      9.65     2.97                              b2
ContactSolver::SolveVelocityConstraints()[] 
 []


Overfull \hbox (15.5977pt too wide) in paragraph at lines 106--106
[] \OT1/cmtt/m/n/10.95 41.53      1.74     1.74                             b2C
ontactSolver::SolveVelocityConstraints()[] 
 []


Overfull \hbox (15.5977pt too wide) in paragraph at lines 106--106
[] \OT1/cmtt/m/n/10.95 16.23      2.42     0.68                             b2C
ontactSolver::SolvePositionConstraints()[] 
 []

<debug_1000_crop.png, id=50, 956.57375pt x 352.31625pt>
File: debug_1000_crop.png Graphic file (type png)

<use debug_1000_crop.png>
Package pdftex.def Info: debug_1000_crop.png used on input line 113.
(pdftex.def)             Requested size: 569.05898pt x 142.2626pt.

Overfull \hbox (27.03397pt too wide) in paragraph at lines 113--113
 [] 
 []

<release_1000_crop.png, id=51, 516.42938pt x 57.96657pt>
File: release_1000_crop.png Graphic file (type png)

<use release_1000_crop.png>
Package pdftex.def Info: release_1000_crop.png used on input line 114.
(pdftex.def)             Requested size: 426.8081pt x 42.67964pt.
 [7 <./debug_1000_crop.png (PNG copy)> <./release_1000_crop.png>] [8] (./g30_pr
oject_report.aux) ) 
Here is how much of TeX's memory you used:
 2649 strings out of 495059
 36679 string characters out of 3182030
 102311 words of memory out of 3000000
 5796 multiletter control sequences out of 15000+200000
 9738 words of font info for 36 fonts, out of 3000000 for 9000
 14 hyphenation exceptions out of 8191
 38i,6n,23p,683b,238s stack positions out of 5000i,500n,10000p,200000b,50000s
</usr/share/texlive/texmf-dist/fonts/type1/public/amsfonts/c
m/cmbx12.pfb></usr/share/texlive/texmf-dist/fonts/type1/public/amsfonts/cm/cmmi
10.pfb></usr/share/texlive/texmf-dist/fonts/type1/public/amsfonts/cm/cmr10.pfb>
</usr/share/texlive/texmf-dist/fonts/type1/public/amsfonts/cm/cmr12.pfb></usr/s
hare/texlive/texmf-dist/fonts/type1/public/amsfonts/cm/cmr17.pfb></usr/share/te
xlive/texmf-dist/fonts/type1/public/amsfonts/cm/cmsy10.pfb></usr/share/texlive/
texmf-dist/fonts/type1/public/amsfonts/cm/cmtt10.pfb></usr/share/texlive/texmf-
dist/fonts/type1/public/amsfonts/cm/cmtt12.pfb>
Output written on g30_project_report.pdf (8 pages, 281274 bytes).
PDF statistics:
 88 PDF objects out of 1000 (max. 8388607)
 44 compressed objects within 1 object stream
 0 named destinations out of 1000 (max. 500000)
 81 words of extra memory for PDF output out of 10000 (max. 10000000)

