

*******************************************************************************
Sat Mar 29 20:19:54 2014


FIT:    data read from '../data_gnuplot/temp_avg_data02.data' using 1:2
        format = x:z
        #datapoints = 20
        residuals are weighted equally (unit weight)

function used for fitting: m*x +c
fitted parameters initialized with current variable values



 Iteration 0
 WSSR        : 16584.5           delta(WSSR)/WSSR   : 0
 delta(WSSR) : 0                 limit for stopping : 1e-05
 lambda	  : 8.5

initial set of free parameter values

m               = 1
c               = 1

After 5 iterations the fit converged.
final sum of squares of residuals : 29.3994
rel. change during last iteration : -1.45012e-15

degrees of freedom    (FIT_NDF)                        : 18
rms of residuals      (FIT_STDFIT) = sqrt(WSSR/ndf)    : 1.27801
variance of residuals (reduced chisquare) = WSSR/ndf   : 1.6333

Final set of parameters            Asymptotic Standard Error
=======================            ==========================

m               = -0.269971        +/- 0.04956      (18.36%)
c               = 42.1579          +/- 0.5937       (1.408%)


correlation matrix of the fit parameters:

               m      c      
m               1.000 
c              -0.877  1.000 


*******************************************************************************
Sat Mar 29 20:19:54 2014


FIT:    data read from '../data_gnuplot/temp_random.data' using 1:2
        format = x:z
        #datapoints = 20
        residuals are weighted equally (unit weight)

function used for fitting: p*x +r
fitted parameters initialized with current variable values



 Iteration 0
 WSSR        : 16792.4           delta(WSSR)/WSSR   : 0
 delta(WSSR) : 0                 limit for stopping : 1e-05
 lambda	  : 8.5

initial set of free parameter values

p               = 1
r               = 1

After 4 iterations the fit converged.
final sum of squares of residuals : 49.7084
rel. change during last iteration : -6.31736e-06

degrees of freedom    (FIT_NDF)                        : 18
rms of residuals      (FIT_STDFIT) = sqrt(WSSR/ndf)    : 1.6618
variance of residuals (reduced chisquare) = WSSR/ndf   : 2.76158

Final set of parameters            Asymptotic Standard Error
=======================            ==========================

p               = -0.2807          +/- 0.06444      (22.96%)
r               = 42.4223          +/- 0.772        (1.82%)


correlation matrix of the fit parameters:

               p      r      
p               1.000 
r              -0.877  1.000 
